<?xml version="1.0" encoding="UTF-8" ?>
<testsuite errors="33" failures="0" hostname="Deano-PC" name="xtrememp.XtremeMPTest" tests="33" time="18.029" timestamp="2011-04-21T00:52:01">
  <properties>
[...]
</properties>
  <testcase classname="xtrememp.XtremeMPTest" name="testGetInstance" time="0.6">
    <error message="For input string: &quot;Application.version.majorNumber&quot;" type="java.lang.NumberFormatException">java.lang.NumberFormatException: For input string: &quot;Application.version.majorNumber&quot;
	at java.lang.NumberFormatException.forInputString(NumberFormatException.java:48)
	at java.lang.Integer.parseInt(Integer.java:449)
	at java.lang.Integer.parseInt(Integer.java:499)
	at xtrememp.update.Version.getCurrentVersion(Version.java:268)
	at xtrememp.XtremeMP.&lt;init&gt;(XtremeMP.java:139)
	at xtrememp.XtremeMP.getInstance(XtremeMP.java:192)
	at xtrememp.XtremeMPTest.testGetInstance(XtremeMPTest.java:54)
</error>
  </testcase>
  <testcase classname="xtrememp.XtremeMPTest" name="testGetMainFrame" time="0.0">
    <error type="java.lang.NullPointerException">java.lang.NullPointerException
	at xtrememp.XtremeMPTest.testGetMainFrame(XtremeMPTest.java:68)
</error>
  </testcase>
  <testcase classname="xtrememp.XtremeMPTest" name="testGetBusyLabel" time="0.05">
    <error type="java.lang.NullPointerException">java.lang.NullPointerException
	at xtrememp.XtremeMPTest.testGetBusyLabel(XtremeMPTest.java:82)
</error>
  </testcase>
  <testcase classname="xtrememp.XtremeMPTest" name="testGetAudioPlayer" time="0.0">
    <error type="java.lang.NullPointerException">java.lang.NullPointerException
	at xtrememp.XtremeMPTest.testGetAudioPlayer(XtremeMPTest.java:96)
</error>
  </testcase>
  <testcase classname="xtrememp.XtremeMPTest" name="testInit" time="0.0">
    <error type="java.lang.NullPointerException">java.lang.NullPointerException
	at xtrememp.XtremeMPTest.testInit(XtremeMPTest.java:110)
</error>
  </testcase>
  <testcase classname="xtrememp.XtremeMPTest" name="testMain" time="17.044">
    <error type="java.lang.NullPointerException">java.lang.NullPointerException
	at java.util.Arrays$ArrayList.&lt;init&gt;(Arrays.java:3357)
	at java.util.Arrays.asList(Arrays.java:3343)
	at xtrememp.XtremeMP.main(XtremeMP.java:351)
	at xtrememp.XtremeMPTest.testMain(XtremeMPTest.java:122)
</error>
  </testcase>
  <testcase classname="xtrememp.XtremeMPTest" name="testExit" time="0.01">
    <error type="java.lang.NullPointerException">java.lang.NullPointerException
	at xtrememp.XtremeMPTest.testExit(XtremeMPTest.java:134)
</error>
  </testcase>
  <testcase classname="xtrememp.XtremeMPTest" name="testCreateMenuBar" time="0.0010">
    <error type="java.lang.NullPointerException">java.lang.NullPointerException
	at xtrememp.XtremeMPTest.testCreateMenuBar(XtremeMPTest.java:146)
</error>
  </testcase>
  <testcase classname="xtrememp.XtremeMPTest" name="testCreateMainPanels" time="0.0050">
    <error type="java.lang.NullPointerException">java.lang.NullPointerException
	at xtrememp.XtremeMPTest.testCreateMainPanels(XtremeMPTest.java:158)
</error>
  </testcase>
  <testcase classname="xtrememp.XtremeMPTest" name="testSetTime" time="0.0010">
    <error type="java.lang.NullPointerException">java.lang.NullPointerException
	at xtrememp.XtremeMPTest.testSetTime(XtremeMPTest.java:172)
</error>
  </testcase>
  <testcase classname="xtrememp.XtremeMPTest" name="testSetStatus" time="0.0010">
    <error type="java.lang.NullPointerException">java.lang.NullPointerException
	at xtrememp.XtremeMPTest.testSetStatus(XtremeMPTest.java:185)
</error>
  </testcase>
  <testcase classname="xtrememp.XtremeMPTest" name="testEnableControlButtons" time="0.0020">
    <error type="java.lang.NullPointerException">java.lang.NullPointerException
	at xtrememp.XtremeMPTest.testEnableControlButtons(XtremeMPTest.java:198)
</error>
  </testcase>
  <testcase classname="xtrememp.XtremeMPTest" name="testActionPerformed" time="0.0010">
    <error type="java.lang.NullPointerException">java.lang.NullPointerException
	at xtrememp.XtremeMPTest.testActionPerformed(XtremeMPTest.java:211)
</error>
  </testcase>
  <testcase classname="xtrememp.XtremeMPTest" name="testPlaybackBuffering" time="0.0020">
    <error type="java.lang.NullPointerException">java.lang.NullPointerException
	at xtrememp.XtremeMPTest.testPlaybackBuffering(XtremeMPTest.java:224)
</error>
  </testcase>
  <testcase classname="xtrememp.XtremeMPTest" name="testPlaybackOpened" time="0.0010">
    <error type="java.lang.NullPointerException">java.lang.NullPointerException
	at xtrememp.XtremeMPTest.testPlaybackOpened(XtremeMPTest.java:237)
</error>
  </testcase>
  <testcase classname="xtrememp.XtremeMPTest" name="testPlaybackEndOfMedia" time="0.0020">
    <error type="java.lang.NullPointerException">java.lang.NullPointerException
	at xtrememp.XtremeMPTest.testPlaybackEndOfMedia(XtremeMPTest.java:250)
</error>
  </testcase>
  <testcase classname="xtrememp.XtremeMPTest" name="testPlaybackPlaying" time="0.0">
    <error type="java.lang.NullPointerException">java.lang.NullPointerException
	at xtrememp.XtremeMPTest.testPlaybackPlaying(XtremeMPTest.java:263)
</error>
  </testcase>
  <testcase classname="xtrememp.XtremeMPTest" name="testPlaybackProgress" time="0.0">
    <error type="java.lang.NullPointerException">java.lang.NullPointerException
	at xtrememp.XtremeMPTest.testPlaybackProgress(XtremeMPTest.java:276)
</error>
  </testcase>
  <testcase classname="xtrememp.XtremeMPTest" name="testPlaybackPaused" time="0.01">
    <error type="java.lang.NullPointerException">java.lang.NullPointerException
	at xtrememp.XtremeMPTest.testPlaybackPaused(XtremeMPTest.java:289)
</error>
  </testcase>
  <testcase classname="xtrememp.XtremeMPTest" name="testPlaybackStopped" time="0.01">
    <error type="java.lang.NullPointerException">java.lang.NullPointerException
	at xtrememp.XtremeMPTest.testPlaybackStopped(XtremeMPTest.java:302)
</error>
  </testcase>
  <testcase classname="xtrememp.XtremeMPTest" name="testAcOpen" time="0.0">
    <error type="java.lang.NullPointerException">java.lang.NullPointerException
	at xtrememp.XtremeMPTest.testAcOpen(XtremeMPTest.java:314)
</error>
  </testcase>
  <testcase classname="xtrememp.XtremeMPTest" name="testAcOpenAndPlay" time="0.09">
    <error type="java.lang.NullPointerException">java.lang.NullPointerException
	at xtrememp.XtremeMPTest.testAcOpenAndPlay(XtremeMPTest.java:326)
</error>
  </testcase>
  <testcase classname="xtrememp.XtremeMPTest" name="testAcPrevious" time="0.0">
    <error type="java.lang.NullPointerException">java.lang.NullPointerException
	at xtrememp.XtremeMPTest.testAcPrevious(XtremeMPTest.java:338)
</error>
  </testcase>
  <testcase classname="xtrememp.XtremeMPTest" name="testAcNext" time="0.0010">
    <error type="java.lang.NullPointerException">java.lang.NullPointerException
	at xtrememp.XtremeMPTest.testAcNext(XtremeMPTest.java:350)
</error>
  </testcase>
  <testcase classname="xtrememp.XtremeMPTest" name="testAcPlayPause" time="0.0030">
    <error type="java.lang.NullPointerException">java.lang.NullPointerException
	at xtrememp.XtremeMPTest.testAcPlayPause(XtremeMPTest.java:362)
</error>
  </testcase>
  <testcase classname="xtrememp.XtremeMPTest" name="testAcStop" time="0.0">
    <error type="java.lang.NullPointerException">java.lang.NullPointerException
	at xtrememp.XtremeMPTest.testAcStop(XtremeMPTest.java:374)
</error>
  </testcase>
  <testcase classname="xtrememp.XtremeMPTest" name="testAcUpdateTime" time="0.0">
    <error type="java.lang.NullPointerException">java.lang.NullPointerException
	at xtrememp.XtremeMPTest.testAcUpdateTime(XtremeMPTest.java:387)
</error>
  </testcase>
  <testcase classname="xtrememp.XtremeMPTest" name="testAcSeek" time="0.0090">
    <error type="java.lang.NullPointerException">java.lang.NullPointerException
	at xtrememp.XtremeMPTest.testAcSeek(XtremeMPTest.java:399)
</error>
  </testcase>
  <testcase classname="xtrememp.XtremeMPTest" name="testPlaylistItemAdded" time="0.0">
    <error type="java.lang.NullPointerException">java.lang.NullPointerException
	at xtrememp.XtremeMPTest.testPlaylistItemAdded(XtremeMPTest.java:412)
</error>
  </testcase>
  <testcase classname="xtrememp.XtremeMPTest" name="testPlaylistItemRemoved" time="0.0">
    <error type="java.lang.NullPointerException">java.lang.NullPointerException
	at xtrememp.XtremeMPTest.testPlaylistItemRemoved(XtremeMPTest.java:425)
</error>
  </testcase>
  <testcase classname="xtrememp.XtremeMPTest" name="testPlayModeChanged" time="0.0">
    <error type="java.lang.NullPointerException">java.lang.NullPointerException
	at xtrememp.XtremeMPTest.testPlayModeChanged(XtremeMPTest.java:438)
</error>
  </testcase>
  <testcase classname="xtrememp.XtremeMPTest" name="testOnIntellitype" time="0.0010">
    <error type="java.lang.NullPointerException">java.lang.NullPointerException
	at xtrememp.XtremeMPTest.testOnIntellitype(XtremeMPTest.java:451)
</error>
  </testcase>
  <testcase classname="xtrememp.XtremeMPTest" name="testGuiEffectsStateChanged" time="0.0010">
    <error type="java.lang.NullPointerException">java.lang.NullPointerException
	at xtrememp.XtremeMPTest.testGuiEffectsStateChanged(XtremeMPTest.java:464)
</error>
  </testcase>
  <system-out><![CDATA[getInstance
getMainFrame
getBusyLabel
getAudioPlayer
init
main
exit
createMenuBar
createMainPanels
setTime
setStatus
enableControlButtons
actionPerformed
playbackBuffering
playbackOpened
playbackEndOfMedia
playbackPlaying
playbackProgress
playbackPaused
playbackStopped
acOpen
acOpenAndPlay
acPrevious
acNext
acPlayPause
acStop
acUpdateTime
acSeek
playlistItemAdded
playlistItemRemoved
playModeChanged
onIntellitype
guiEffectsStateChanged
]]></system-out>
  <system-err><![CDATA[java.lang.reflect.InvocationTargetException
  Unable to handle format: MPEG, 352x240, FrameRate=29.9, Length=126720
  Unable to handle format: mpegaudio, 44100.0 Hz, 16-bit, Stereo, LittleEndian, Signed, 28000.0 frame rate, FrameSize=32768 bits
]]></system-err>
</testsuite>
